{"/Users/deight/cantinc/rune-hub/src/index.ts": {"path":"/Users/deight/cantinc/rune-hub/src/index.ts","statementMap":{"0":{"start":{"line":1,"column":0},"end":{"line":1,"column":23}},"1":{"start":{"line":2,"column":0},"end":{"line":2,"column":23}},"2":{"start":{"line":3,"column":0},"end":{"line":3,"column":25}}},"fnMap":{},"branchMap":{},"s":{"0":3,"1":3,"2":3},"f":{},"b":{}}
,"/Users/deight/cantinc/rune-hub/src/Queue/Queue.ts": {"path":"/Users/deight/cantinc/rune-hub/src/Queue/Queue.ts","statementMap":{"0":{"start":{"line":17,"column":11},"end":{"line":17,"column":20}},"1":{"start":{"line":18,"column":11},"end":{"line":18,"column":27}},"2":{"start":{"line":19,"column":11},"end":{"line":19,"column":30}},"3":{"start":{"line":20,"column":11},"end":{"line":20,"column":30}},"4":{"start":{"line":21,"column":11},"end":{"line":21,"column":27}},"5":{"start":{"line":29,"column":18},"end":{"line":29,"column":28}},"6":{"start":{"line":31,"column":4},"end":{"line":31,"column":22}},"7":{"start":{"line":31,"column":16},"end":{"line":31,"column":22}},"8":{"start":{"line":33,"column":4},"end":{"line":35,"column":5}},"9":{"start":{"line":34,"column":6},"end":{"line":34,"column":null}},"10":{"start":{"line":37,"column":4},"end":{"line":39,"column":5}},"11":{"start":{"line":38,"column":6},"end":{"line":38,"column":null}},"12":{"start":{"line":41,"column":4},"end":{"line":43,"column":5}},"13":{"start":{"line":42,"column":6},"end":{"line":42,"column":null}},"14":{"start":{"line":45,"column":4},"end":{"line":47,"column":5}},"15":{"start":{"line":46,"column":6},"end":{"line":46,"column":null}},"16":{"start":{"line":49,"column":4},"end":{"line":51,"column":5}},"17":{"start":{"line":50,"column":6},"end":{"line":50,"column":null}},"18":{"start":{"line":53,"column":4},"end":{"line":53,"column":null}},"19":{"start":{"line":54,"column":4},"end":{"line":54,"column":null}},"20":{"start":{"line":7,"column":0},"end":{"line":7,"column":13}},"21":{"start":{"line":74,"column":2},"end":{"line":74,"column":null}},"22":{"start":{"line":84,"column":4},"end":{"line":84,"column":null}},"23":{"start":{"line":86,"column":4},"end":{"line":88,"column":5}},"24":{"start":{"line":87,"column":6},"end":{"line":87,"column":null}},"25":{"start":{"line":90,"column":4},"end":{"line":92,"column":5}},"26":{"start":{"line":91,"column":6},"end":{"line":91,"column":null}},"27":{"start":{"line":94,"column":20},"end":{"line":94,"column":83}},"28":{"start":{"line":96,"column":4},"end":{"line":98,"column":5}},"29":{"start":{"line":97,"column":6},"end":{"line":97,"column":null}},"30":{"start":{"line":100,"column":4},"end":{"line":100,"column":null}},"31":{"start":{"line":102,"column":4},"end":{"line":104,"column":5}},"32":{"start":{"line":103,"column":6},"end":{"line":103,"column":null}},"33":{"start":{"line":106,"column":4},"end":{"line":106,"column":null}},"34":{"start":{"line":116,"column":4},"end":{"line":116,"column":null}},"35":{"start":{"line":118,"column":4},"end":{"line":120,"column":5}},"36":{"start":{"line":119,"column":6},"end":{"line":119,"column":null}},"37":{"start":{"line":122,"column":4},"end":{"line":122,"column":null}},"38":{"start":{"line":130,"column":4},"end":{"line":130,"column":null}},"39":{"start":{"line":131,"column":4},"end":{"line":131,"column":null}},"40":{"start":{"line":63,"column":0},"end":{"line":63,"column":13}}},"fnMap":{"0":{"name":"(anonymous_0)","decl":{"start":{"line":16,"column":2},"end":{"line":16,"column":null}},"loc":{"start":{"line":21,"column":27},"end":{"line":22,"column":6}}},"1":{"name":"(anonymous_1)","decl":{"start":{"line":28,"column":2},"end":{"line":28,"column":7}},"loc":{"start":{"line":28,"column":7},"end":{"line":55,"column":3}}},"2":{"name":"(anonymous_2)","decl":{"start":{"line":63,"column":0},"end":{"line":63,"column":13}},"loc":{"start":{"line":63,"column":0},"end":{"line":133,"column":1}}},"3":{"name":"(anonymous_3)","decl":{"start":{"line":83,"column":2},"end":{"line":83,"column":7}},"loc":{"start":{"line":83,"column":32},"end":{"line":107,"column":3}}},"4":{"name":"(anonymous_4)","decl":{"start":{"line":115,"column":2},"end":{"line":115,"column":6}},"loc":{"start":{"line":115,"column":31},"end":{"line":123,"column":3}}},"5":{"name":"(anonymous_5)","decl":{"start":{"line":129,"column":2},"end":{"line":129,"column":7}},"loc":{"start":{"line":129,"column":7},"end":{"line":132,"column":3}}}},"branchMap":{"0":{"loc":{"start":{"line":31,"column":4},"end":{"line":31,"column":22}},"type":"if","locations":[{"start":{"line":31,"column":4},"end":{"line":31,"column":22}},{"start":{},"end":{}}]},"1":{"loc":{"start":{"line":33,"column":4},"end":{"line":35,"column":5}},"type":"if","locations":[{"start":{"line":33,"column":4},"end":{"line":35,"column":5}},{"start":{},"end":{}}]},"2":{"loc":{"start":{"line":37,"column":4},"end":{"line":39,"column":5}},"type":"if","locations":[{"start":{"line":37,"column":4},"end":{"line":39,"column":5}},{"start":{},"end":{}}]},"3":{"loc":{"start":{"line":41,"column":4},"end":{"line":43,"column":5}},"type":"if","locations":[{"start":{"line":41,"column":4},"end":{"line":43,"column":5}},{"start":{},"end":{}}]},"4":{"loc":{"start":{"line":45,"column":4},"end":{"line":47,"column":5}},"type":"if","locations":[{"start":{"line":45,"column":4},"end":{"line":47,"column":5}},{"start":{},"end":{}}]},"5":{"loc":{"start":{"line":49,"column":4},"end":{"line":51,"column":5}},"type":"if","locations":[{"start":{"line":49,"column":4},"end":{"line":51,"column":5}},{"start":{},"end":{}}]},"6":{"loc":{"start":{"line":86,"column":4},"end":{"line":88,"column":5}},"type":"if","locations":[{"start":{"line":86,"column":4},"end":{"line":88,"column":5}},{"start":{},"end":{}}]},"7":{"loc":{"start":{"line":90,"column":4},"end":{"line":92,"column":5}},"type":"if","locations":[{"start":{"line":90,"column":4},"end":{"line":92,"column":5}},{"start":{},"end":{}}]},"8":{"loc":{"start":{"line":96,"column":4},"end":{"line":98,"column":5}},"type":"if","locations":[{"start":{"line":96,"column":4},"end":{"line":98,"column":5}},{"start":{},"end":{}}]},"9":{"loc":{"start":{"line":102,"column":4},"end":{"line":104,"column":5}},"type":"if","locations":[{"start":{"line":102,"column":4},"end":{"line":104,"column":5}},{"start":{},"end":{}}]},"10":{"loc":{"start":{"line":118,"column":4},"end":{"line":120,"column":5}},"type":"if","locations":[{"start":{"line":118,"column":4},"end":{"line":120,"column":5}},{"start":{},"end":{}}]}},"s":{"0":417,"1":417,"2":417,"3":417,"4":417,"5":396,"6":396,"7":1,"8":395,"9":40,"10":395,"11":3,"12":395,"13":392,"14":395,"15":355,"16":395,"17":298,"18":395,"19":395,"20":4,"21":17,"22":324,"23":324,"24":292,"25":32,"26":11,"27":21,"28":21,"29":4,"30":21,"31":21,"32":17,"33":21,"34":91,"35":91,"36":71,"37":20,"38":1,"39":1,"40":4},"f":{"0":417,"1":396,"2":17,"3":324,"4":91,"5":1},"b":{"0":[1,395],"1":[40,355],"2":[3,392],"3":[392,3],"4":[355,40],"5":[298,97],"6":[292,32],"7":[11,21],"8":[4,17],"9":[17,4],"10":[71,20]}}
,"/Users/deight/cantinc/rune-hub/src/Queue/index.ts": {"path":"/Users/deight/cantinc/rune-hub/src/Queue/index.ts","statementMap":{"0":{"start":{"line":1,"column":0},"end":{"line":1,"column":23}}},"fnMap":{},"branchMap":{},"s":{"0":3},"f":{},"b":{}}
,"/Users/deight/cantinc/rune-hub/src/RuneHub/RuneHub.ts": {"path":"/Users/deight/cantinc/rune-hub/src/RuneHub/RuneHub.ts","statementMap":{"0":{"start":{"line":2,"column":0},"end":{"line":2,"column":32}},"1":{"start":{"line":161,"column":13},"end":{"line":161,"column":26}},"2":{"start":{"line":162,"column":13},"end":{"line":162,"column":24}},"3":{"start":{"line":163,"column":13},"end":{"line":163,"column":29}},"4":{"start":{"line":115,"column":2},"end":{"line":115,"column":null}},"5":{"start":{"line":118,"column":2},"end":{"line":118,"column":null}},"6":{"start":{"line":121,"column":2},"end":{"line":121,"column":null}},"7":{"start":{"line":124,"column":2},"end":{"line":124,"column":null}},"8":{"start":{"line":127,"column":2},"end":{"line":127,"column":null}},"9":{"start":{"line":130,"column":2},"end":{"line":130,"column":null}},"10":{"start":{"line":139,"column":2},"end":{"line":139,"column":null}},"11":{"start":{"line":142,"column":2},"end":{"line":142,"column":null}},"12":{"start":{"line":145,"column":2},"end":{"line":145,"column":null}},"13":{"start":{"line":147,"column":2},"end":{"line":147,"column":null}},"14":{"start":{"line":165,"column":4},"end":{"line":167,"column":5}},"15":{"start":{"line":166,"column":6},"end":{"line":166,"column":null}},"16":{"start":{"line":182,"column":4},"end":{"line":182,"column":null}},"17":{"start":{"line":184,"column":4},"end":{"line":184,"column":null}},"18":{"start":{"line":186,"column":4},"end":{"line":186,"column":null}},"19":{"start":{"line":187,"column":4},"end":{"line":187,"column":null}},"20":{"start":{"line":188,"column":4},"end":{"line":188,"column":null}},"21":{"start":{"line":190,"column":4},"end":{"line":190,"column":null}},"22":{"start":{"line":192,"column":4},"end":{"line":194,"column":5}},"23":{"start":{"line":193,"column":6},"end":{"line":193,"column":null}},"24":{"start":{"line":202,"column":4},"end":{"line":205,"column":5}},"25":{"start":{"line":203,"column":6},"end":{"line":203,"column":null}},"26":{"start":{"line":204,"column":6},"end":{"line":204,"column":null}},"27":{"start":{"line":222,"column":4},"end":{"line":222,"column":25}},"28":{"start":{"line":222,"column":19},"end":{"line":222,"column":25}},"29":{"start":{"line":223,"column":4},"end":{"line":223,"column":null}},"30":{"start":{"line":225,"column":4},"end":{"line":225,"column":null}},"31":{"start":{"line":227,"column":4},"end":{"line":227,"column":null}},"32":{"start":{"line":228,"column":4},"end":{"line":228,"column":null}},"33":{"start":{"line":239,"column":16},"end":{"line":239,"column":24}},"34":{"start":{"line":240,"column":21},"end":{"line":240,"column":28}},"35":{"start":{"line":242,"column":4},"end":{"line":244,"column":5}},"36":{"start":{"line":243,"column":6},"end":{"line":243,"column":null}},"37":{"start":{"line":246,"column":4},"end":{"line":246,"column":null}},"38":{"start":{"line":247,"column":19},"end":{"line":247,"column":34}},"39":{"start":{"line":248,"column":4},"end":{"line":248,"column":null}},"40":{"start":{"line":250,"column":4},"end":{"line":250,"column":null}},"41":{"start":{"line":254,"column":4},"end":{"line":254,"column":28}},"42":{"start":{"line":254,"column":22},"end":{"line":254,"column":28}},"43":{"start":{"line":256,"column":4},"end":{"line":256,"column":null}},"44":{"start":{"line":260,"column":4},"end":{"line":260,"column":null}},"45":{"start":{"line":262,"column":4},"end":{"line":270,"column":null}},"46":{"start":{"line":263,"column":6},"end":{"line":265,"column":7}},"47":{"start":{"line":264,"column":8},"end":{"line":264,"column":null}},"48":{"start":{"line":267,"column":6},"end":{"line":267,"column":null}},"49":{"start":{"line":269,"column":6},"end":{"line":269,"column":null}},"50":{"start":{"line":279,"column":4},"end":{"line":283,"column":24}},"51":{"start":{"line":280,"column":6},"end":{"line":280,"column":null}},"52":{"start":{"line":281,"column":6},"end":{"line":281,"column":null}},"53":{"start":{"line":282,"column":6},"end":{"line":282,"column":null}},"54":{"start":{"line":298,"column":4},"end":{"line":298,"column":null}},"55":{"start":{"line":299,"column":4},"end":{"line":299,"column":null}},"56":{"start":{"line":301,"column":4},"end":{"line":303,"column":5}},"57":{"start":{"line":302,"column":6},"end":{"line":302,"column":null}},"58":{"start":{"line":305,"column":4},"end":{"line":305,"column":null}},"59":{"start":{"line":321,"column":4},"end":{"line":321,"column":null}},"60":{"start":{"line":336,"column":4},"end":{"line":336,"column":null}},"61":{"start":{"line":353,"column":19},"end":{"line":353,"column":27}},"62":{"start":{"line":355,"column":4},"end":{"line":357,"column":5}},"63":{"start":{"line":356,"column":6},"end":{"line":356,"column":null}},"64":{"start":{"line":359,"column":4},"end":{"line":359,"column":null}},"65":{"start":{"line":376,"column":4},"end":{"line":378,"column":5}},"66":{"start":{"line":377,"column":6},"end":{"line":377,"column":null}},"67":{"start":{"line":380,"column":4},"end":{"line":387,"column":5}},"68":{"start":{"line":381,"column":6},"end":{"line":383,"column":7}},"69":{"start":{"line":382,"column":8},"end":{"line":382,"column":null}},"70":{"start":{"line":385,"column":6},"end":{"line":385,"column":null}},"71":{"start":{"line":386,"column":6},"end":{"line":386,"column":null}},"72":{"start":{"line":397,"column":4},"end":{"line":397,"column":null}},"73":{"start":{"line":398,"column":4},"end":{"line":398,"column":null}},"74":{"start":{"line":399,"column":4},"end":{"line":399,"column":null}},"75":{"start":{"line":401,"column":4},"end":{"line":404,"column":5}},"76":{"start":{"line":402,"column":6},"end":{"line":402,"column":null}},"77":{"start":{"line":403,"column":6},"end":{"line":403,"column":null}},"78":{"start":{"line":442,"column":4},"end":{"line":478,"column":5}},"79":{"start":{"line":443,"column":6},"end":{"line":457,"column":7}},"80":{"start":{"line":444,"column":8},"end":{"line":444,"column":null}},"81":{"start":{"line":446,"column":8},"end":{"line":450,"column":9}},"82":{"start":{"line":447,"column":10},"end":{"line":447,"column":null}},"83":{"start":{"line":448,"column":15},"end":{"line":450,"column":9}},"84":{"start":{"line":449,"column":10},"end":{"line":449,"column":null}},"85":{"start":{"line":452,"column":8},"end":{"line":454,"column":9}},"86":{"start":{"line":453,"column":10},"end":{"line":453,"column":null}},"87":{"start":{"line":456,"column":8},"end":{"line":456,"column":null}},"88":{"start":{"line":459,"column":6},"end":{"line":461,"column":7}},"89":{"start":{"line":460,"column":8},"end":{"line":460,"column":null}},"90":{"start":{"line":463,"column":25},"end":{"line":473,"column":7}},"91":{"start":{"line":464,"column":8},"end":{"line":470,"column":9}},"92":{"start":{"line":465,"column":10},"end":{"line":467,"column":11}},"93":{"start":{"line":466,"column":12},"end":{"line":466,"column":null}},"94":{"start":{"line":469,"column":10},"end":{"line":469,"column":16}},"95":{"start":{"line":472,"column":8},"end":{"line":472,"column":null}},"96":{"start":{"line":475,"column":6},"end":{"line":475,"column":null}},"97":{"start":{"line":477,"column":6},"end":{"line":477,"column":null}},"98":{"start":{"line":480,"column":19},"end":{"line":480,"column":37}},"99":{"start":{"line":482,"column":4},"end":{"line":486,"column":5}},"100":{"start":{"line":483,"column":6},"end":{"line":483,"column":null}},"101":{"start":{"line":485,"column":6},"end":{"line":485,"column":null}},"102":{"start":{"line":488,"column":4},"end":{"line":488,"column":null}},"103":{"start":{"line":502,"column":4},"end":{"line":524,"column":5}},"104":{"start":{"line":503,"column":6},"end":{"line":503,"column":null}},"105":{"start":{"line":504,"column":6},"end":{"line":504,"column":null}},"106":{"start":{"line":506,"column":6},"end":{"line":514,"column":null}},"107":{"start":{"line":507,"column":32},"end":{"line":507,"column":43}},"108":{"start":{"line":509,"column":8},"end":{"line":513,"column":9}},"109":{"start":{"line":510,"column":10},"end":{"line":510,"column":null}},"110":{"start":{"line":512,"column":10},"end":{"line":512,"column":null}},"111":{"start":{"line":516,"column":6},"end":{"line":516,"column":null}},"112":{"start":{"line":517,"column":6},"end":{"line":517,"column":null}},"113":{"start":{"line":517,"column":31},"end":{"line":517,"column":52}},"114":{"start":{"line":518,"column":6},"end":{"line":518,"column":null}},"115":{"start":{"line":519,"column":6},"end":{"line":519,"column":null}},"116":{"start":{"line":520,"column":6},"end":{"line":520,"column":null}},"117":{"start":{"line":521,"column":6},"end":{"line":521,"column":null}},"118":{"start":{"line":523,"column":6},"end":{"line":523,"column":12}},"119":{"start":{"line":526,"column":19},"end":{"line":526,"column":37}},"120":{"start":{"line":528,"column":4},"end":{"line":528,"column":23}},"121":{"start":{"line":528,"column":17},"end":{"line":528,"column":23}},"122":{"start":{"line":530,"column":4},"end":{"line":530,"column":null}},"123":{"start":{"line":530,"column":46},"end":{"line":530,"column":60}},"124":{"start":{"line":540,"column":4},"end":{"line":540,"column":41}},"125":{"start":{"line":540,"column":35},"end":{"line":540,"column":41}},"126":{"start":{"line":542,"column":16},"end":{"line":542,"column":24}},"127":{"start":{"line":544,"column":4},"end":{"line":552,"column":null}},"128":{"start":{"line":545,"column":6},"end":{"line":551,"column":null}},"129":{"start":{"line":546,"column":8},"end":{"line":550,"column":null}},"130":{"start":{"line":547,"column":10},"end":{"line":549,"column":11}},"131":{"start":{"line":547,"column":23},"end":{"line":547,"column":24}},"132":{"start":{"line":548,"column":12},"end":{"line":548,"column":null}},"133":{"start":{"line":560,"column":4},"end":{"line":560,"column":32}},"134":{"start":{"line":560,"column":26},"end":{"line":560,"column":32}},"135":{"start":{"line":562,"column":4},"end":{"line":564,"column":null}},"136":{"start":{"line":563,"column":6},"end":{"line":563,"column":null}},"137":{"start":{"line":573,"column":4},"end":{"line":579,"column":5}},"138":{"start":{"line":574,"column":6},"end":{"line":574,"column":null}},"139":{"start":{"line":576,"column":6},"end":{"line":576,"column":null}},"140":{"start":{"line":578,"column":6},"end":{"line":578,"column":12}},"141":{"start":{"line":581,"column":4},"end":{"line":598,"column":24}},"142":{"start":{"line":582,"column":6},"end":{"line":582,"column":null}},"143":{"start":{"line":583,"column":6},"end":{"line":583,"column":null}},"144":{"start":{"line":584,"column":19},"end":{"line":584,"column":28}},"145":{"start":{"line":585,"column":22},"end":{"line":585,"column":37}},"146":{"start":{"line":586,"column":6},"end":{"line":586,"column":null}},"147":{"start":{"line":587,"column":6},"end":{"line":587,"column":null}},"148":{"start":{"line":589,"column":6},"end":{"line":593,"column":7}},"149":{"start":{"line":590,"column":8},"end":{"line":592,"column":9}},"150":{"start":{"line":591,"column":10},"end":{"line":591,"column":null}},"151":{"start":{"line":595,"column":6},"end":{"line":597,"column":7}},"152":{"start":{"line":596,"column":8},"end":{"line":596,"column":null}},"153":{"start":{"line":607,"column":24},"end":{"line":607,"column":40}},"154":{"start":{"line":609,"column":4},"end":{"line":612,"column":5}},"155":{"start":{"line":610,"column":6},"end":{"line":610,"column":null}},"156":{"start":{"line":611,"column":6},"end":{"line":611,"column":null}},"157":{"start":{"line":614,"column":4},"end":{"line":614,"column":null}},"158":{"start":{"line":616,"column":4},"end":{"line":630,"column":5}},"159":{"start":{"line":617,"column":6},"end":{"line":617,"column":null}},"160":{"start":{"line":619,"column":6},"end":{"line":629,"column":7}},"161":{"start":{"line":620,"column":8},"end":{"line":628,"column":9}},"162":{"start":{"line":621,"column":10},"end":{"line":621,"column":33}},"163":{"start":{"line":621,"column":25},"end":{"line":621,"column":33}},"164":{"start":{"line":623,"column":10},"end":{"line":627,"column":11}},"165":{"start":{"line":624,"column":12},"end":{"line":624,"column":null}},"166":{"start":{"line":626,"column":12},"end":{"line":626,"column":null}},"167":{"start":{"line":107,"column":0},"end":{"line":107,"column":13}},"168":{"start":{"line":661,"column":11},"end":{"line":661,"column":null}},"169":{"start":{"line":664,"column":2},"end":{"line":664,"column":null}},"170":{"start":{"line":667,"column":2},"end":{"line":667,"column":null}},"171":{"start":{"line":670,"column":11},"end":{"line":670,"column":null}},"172":{"start":{"line":654,"column":4},"end":{"line":654,"column":null}},"173":{"start":{"line":679,"column":4},"end":{"line":679,"column":null}},"174":{"start":{"line":690,"column":20},"end":{"line":690,"column":27}},"175":{"start":{"line":691,"column":4},"end":{"line":691,"column":null}},"176":{"start":{"line":692,"column":19},"end":{"line":692,"column":27}},"177":{"start":{"line":693,"column":4},"end":{"line":693,"column":null}},"178":{"start":{"line":695,"column":4},"end":{"line":695,"column":null}},"179":{"start":{"line":706,"column":24},"end":{"line":706,"column":39}},"180":{"start":{"line":707,"column":4},"end":{"line":707,"column":null}},"181":{"start":{"line":708,"column":19},"end":{"line":708,"column":27}},"182":{"start":{"line":709,"column":4},"end":{"line":709,"column":null}},"183":{"start":{"line":711,"column":4},"end":{"line":711,"column":null}},"184":{"start":{"line":720,"column":4},"end":{"line":724,"column":5}},"185":{"start":{"line":721,"column":6},"end":{"line":721,"column":null}},"186":{"start":{"line":723,"column":6},"end":{"line":723,"column":12}},"187":{"start":{"line":726,"column":4},"end":{"line":726,"column":null}},"188":{"start":{"line":727,"column":4},"end":{"line":727,"column":null}},"189":{"start":{"line":728,"column":4},"end":{"line":728,"column":null}},"190":{"start":{"line":737,"column":4},"end":{"line":737,"column":30}},"191":{"start":{"line":737,"column":24},"end":{"line":737,"column":30}},"192":{"start":{"line":739,"column":4},"end":{"line":743,"column":5}},"193":{"start":{"line":740,"column":6},"end":{"line":740,"column":null}},"194":{"start":{"line":742,"column":6},"end":{"line":742,"column":12}},"195":{"start":{"line":745,"column":18},"end":{"line":745,"column":28}},"196":{"start":{"line":749,"column":4},"end":{"line":755,"column":5}},"197":{"start":{"line":750,"column":6},"end":{"line":754,"column":7}},"198":{"start":{"line":751,"column":8},"end":{"line":751,"column":null}},"199":{"start":{"line":753,"column":8},"end":{"line":753,"column":null}},"200":{"start":{"line":757,"column":4},"end":{"line":757,"column":null}},"201":{"start":{"line":765,"column":4},"end":{"line":767,"column":null}},"202":{"start":{"line":766,"column":6},"end":{"line":766,"column":null}},"203":{"start":{"line":769,"column":4},"end":{"line":769,"column":null}},"204":{"start":{"line":770,"column":4},"end":{"line":770,"column":null}},"205":{"start":{"line":771,"column":4},"end":{"line":771,"column":null}},"206":{"start":{"line":772,"column":4},"end":{"line":772,"column":null}},"207":{"start":{"line":773,"column":4},"end":{"line":773,"column":null}},"208":{"start":{"line":638,"column":0},"end":{"line":638,"column":13}},"209":{"start":{"line":640,"column":9},"end":{"line":640,"column":null}}},"fnMap":{"0":{"name":"(anonymous_0)","decl":{"start":{"line":160,"column":2},"end":{"line":160,"column":null}},"loc":{"start":{"line":163,"column":45},"end":{"line":168,"column":3}}},"1":{"name":"(anonymous_1)","decl":{"start":{"line":181,"column":2},"end":{"line":181,"column":9}},"loc":{"start":{"line":181,"column":9},"end":{"line":195,"column":3}}},"2":{"name":"(anonymous_2)","decl":{"start":{"line":201,"column":10},"end":{"line":201,"column":20}},"loc":{"start":{"line":201,"column":20},"end":{"line":206,"column":3}}},"3":{"name":"(anonymous_3)","decl":{"start":{"line":221,"column":2},"end":{"line":221,"column":6}},"loc":{"start":{"line":221,"column":6},"end":{"line":229,"column":3}}},"4":{"name":"(anonymous_4)","decl":{"start":{"line":238,"column":2},"end":{"line":238,"column":5}},"loc":{"start":{"line":238,"column":35},"end":{"line":251,"column":3}}},"5":{"name":"(anonymous_5)","decl":{"start":{"line":253,"column":2},"end":{"line":253,"column":7}},"loc":{"start":{"line":253,"column":7},"end":{"line":257,"column":3}}},"6":{"name":"(anonymous_6)","decl":{"start":{"line":259,"column":2},"end":{"line":259,"column":9}},"loc":{"start":{"line":259,"column":9},"end":{"line":271,"column":3}}},"7":{"name":"(anonymous_7)","decl":{"start":{"line":262,"column":13},"end":{"line":262,"column":16}},"loc":{"start":{"line":262,"column":18},"end":{"line":270,"column":5}}},"8":{"name":"(anonymous_8)","decl":{"start":{"line":278,"column":2},"end":{"line":278,"column":6}},"loc":{"start":{"line":278,"column":6},"end":{"line":284,"column":3}}},"9":{"name":"(anonymous_9)","decl":{"start":{"line":297,"column":2},"end":{"line":297,"column":6}},"loc":{"start":{"line":297,"column":9},"end":{"line":306,"column":3}}},"10":{"name":"(anonymous_10)","decl":{"start":{"line":320,"column":2},"end":{"line":320,"column":6}},"loc":{"start":{"line":320,"column":11},"end":{"line":322,"column":3}}},"11":{"name":"(anonymous_11)","decl":{"start":{"line":335,"column":2},"end":{"line":335,"column":6}},"loc":{"start":{"line":335,"column":21},"end":{"line":337,"column":3}}},"12":{"name":"(anonymous_12)","decl":{"start":{"line":352,"column":2},"end":{"line":352,"column":5}},"loc":{"start":{"line":352,"column":5},"end":{"line":360,"column":3}}},"13":{"name":"(anonymous_13)","decl":{"start":{"line":375,"column":2},"end":{"line":375,"column":5}},"loc":{"start":{"line":375,"column":15},"end":{"line":388,"column":3}}},"14":{"name":"(anonymous_14)","decl":{"start":{"line":396,"column":2},"end":{"line":396,"column":6}},"loc":{"start":{"line":396,"column":18},"end":{"line":405,"column":3}}},"15":{"name":"(anonymous_15)","decl":{"start":{"line":441,"column":2},"end":{"line":441,"column":4}},"loc":{"start":{"line":441,"column":40},"end":{"line":489,"column":3}}},"16":{"name":"(anonymous_16)","decl":{"start":{"line":463,"column":25},"end":{"line":463,"column":28}},"loc":{"start":{"line":463,"column":30},"end":{"line":473,"column":7}}},"17":{"name":"(anonymous_17)","decl":{"start":{"line":501,"column":2},"end":{"line":501,"column":5}},"loc":{"start":{"line":501,"column":41},"end":{"line":531,"column":3}}},"18":{"name":"(anonymous_18)","decl":{"start":{"line":506,"column":24},"end":{"line":506,"column":25}},"loc":{"start":{"line":506,"column":35},"end":{"line":514,"column":7}}},"19":{"name":"(anonymous_19)","decl":{"start":{"line":517,"column":24},"end":{"line":517,"column":27}},"loc":{"start":{"line":517,"column":31},"end":{"line":517,"column":52}}},"20":{"name":"(anonymous_20)","decl":{"start":{"line":530,"column":39},"end":{"line":530,"column":40}},"loc":{"start":{"line":530,"column":46},"end":{"line":530,"column":60}}},"21":{"name":"(anonymous_21)","decl":{"start":{"line":539,"column":2},"end":{"line":539,"column":7}},"loc":{"start":{"line":539,"column":28},"end":{"line":553,"column":3}}},"22":{"name":"(anonymous_22)","decl":{"start":{"line":544,"column":13},"end":{"line":544,"column":16}},"loc":{"start":{"line":544,"column":18},"end":{"line":552,"column":5}}},"23":{"name":"(anonymous_23)","decl":{"start":{"line":545,"column":18},"end":{"line":545,"column":21}},"loc":{"start":{"line":545,"column":23},"end":{"line":551,"column":7}}},"24":{"name":"(anonymous_24)","decl":{"start":{"line":546,"column":18},"end":{"line":546,"column":21}},"loc":{"start":{"line":546,"column":23},"end":{"line":550,"column":9}}},"25":{"name":"(anonymous_25)","decl":{"start":{"line":559,"column":2},"end":{"line":559,"column":8}},"loc":{"start":{"line":559,"column":8},"end":{"line":565,"column":3}}},"26":{"name":"(anonymous_26)","decl":{"start":{"line":562,"column":19},"end":{"line":562,"column":22}},"loc":{"start":{"line":562,"column":24},"end":{"line":564,"column":5}}},"27":{"name":"(anonymous_27)","decl":{"start":{"line":572,"column":2},"end":{"line":572,"column":7}},"loc":{"start":{"line":572,"column":7},"end":{"line":599,"column":3}}},"28":{"name":"(anonymous_28)","decl":{"start":{"line":606,"column":2},"end":{"line":606,"column":13}},"loc":{"start":{"line":606,"column":13},"end":{"line":631,"column":3}}},"29":{"name":"(anonymous_29)","decl":{"start":{"line":638,"column":0},"end":{"line":638,"column":13}},"loc":{"start":{"line":638,"column":0},"end":{"line":775,"column":1}}},"30":{"name":"(anonymous_30)","decl":{"start":{"line":653,"column":2},"end":{"line":653,"column":8}},"loc":{"start":{"line":653,"column":73},"end":{"line":655,"column":3}}},"31":{"name":"(anonymous_31)","decl":{"start":{"line":678,"column":2},"end":{"line":678,"column":6}},"loc":{"start":{"line":678,"column":34},"end":{"line":680,"column":3}}},"32":{"name":"(anonymous_32)","decl":{"start":{"line":689,"column":2},"end":{"line":689,"column":5}},"loc":{"start":{"line":689,"column":35},"end":{"line":696,"column":3}}},"33":{"name":"(anonymous_33)","decl":{"start":{"line":705,"column":2},"end":{"line":705,"column":9}},"loc":{"start":{"line":705,"column":39},"end":{"line":712,"column":3}}},"34":{"name":"(anonymous_34)","decl":{"start":{"line":719,"column":2},"end":{"line":719,"column":7}},"loc":{"start":{"line":719,"column":23},"end":{"line":729,"column":3}}},"35":{"name":"(anonymous_35)","decl":{"start":{"line":736,"column":2},"end":{"line":736,"column":13}},"loc":{"start":{"line":736,"column":13},"end":{"line":758,"column":3}}},"36":{"name":"(anonymous_36)","decl":{"start":{"line":764,"column":2},"end":{"line":764,"column":9}},"loc":{"start":{"line":764,"column":9},"end":{"line":774,"column":3}}},"37":{"name":"(anonymous_37)","decl":{"start":{"line":765,"column":23},"end":{"line":765,"column":24}},"loc":{"start":{"line":765,"column":32},"end":{"line":767,"column":5}}}},"branchMap":{"0":{"loc":{"start":{"line":162,"column":13},"end":{"line":162,"column":32}},"type":"default-arg","locations":[{"start":{"line":162,"column":24},"end":{"line":162,"column":32}}]},"1":{"loc":{"start":{"line":163,"column":13},"end":{"line":163,"column":45}},"type":"default-arg","locations":[{"start":{"line":163,"column":29},"end":{"line":163,"column":45}}]},"2":{"loc":{"start":{"line":165,"column":4},"end":{"line":167,"column":5}},"type":"if","locations":[{"start":{"line":165,"column":4},"end":{"line":167,"column":5}},{"start":{},"end":{}}]},"3":{"loc":{"start":{"line":192,"column":4},"end":{"line":194,"column":5}},"type":"if","locations":[{"start":{"line":192,"column":4},"end":{"line":194,"column":5}},{"start":{},"end":{}}]},"4":{"loc":{"start":{"line":202,"column":4},"end":{"line":205,"column":5}},"type":"if","locations":[{"start":{"line":202,"column":4},"end":{"line":205,"column":5}},{"start":{},"end":{}}]},"5":{"loc":{"start":{"line":222,"column":4},"end":{"line":222,"column":25}},"type":"if","locations":[{"start":{"line":222,"column":4},"end":{"line":222,"column":25}},{"start":{},"end":{}}]},"6":{"loc":{"start":{"line":242,"column":4},"end":{"line":244,"column":5}},"type":"if","locations":[{"start":{"line":242,"column":4},"end":{"line":244,"column":5}},{"start":{},"end":{}}]},"7":{"loc":{"start":{"line":254,"column":4},"end":{"line":254,"column":28}},"type":"if","locations":[{"start":{"line":254,"column":4},"end":{"line":254,"column":28}},{"start":{},"end":{}}]},"8":{"loc":{"start":{"line":263,"column":6},"end":{"line":265,"column":7}},"type":"if","locations":[{"start":{"line":263,"column":6},"end":{"line":265,"column":7}},{"start":{},"end":{}}]},"9":{"loc":{"start":{"line":301,"column":4},"end":{"line":303,"column":5}},"type":"if","locations":[{"start":{"line":301,"column":4},"end":{"line":303,"column":5}},{"start":{},"end":{}}]},"10":{"loc":{"start":{"line":355,"column":4},"end":{"line":357,"column":5}},"type":"if","locations":[{"start":{"line":355,"column":4},"end":{"line":357,"column":5}},{"start":{},"end":{}}]},"11":{"loc":{"start":{"line":355,"column":8},"end":{"line":355,"column":44}},"type":"binary-expr","locations":[{"start":{"line":355,"column":8},"end":{"line":355,"column":20}},{"start":{"line":355,"column":24},"end":{"line":355,"column":44}}]},"12":{"loc":{"start":{"line":376,"column":4},"end":{"line":378,"column":5}},"type":"if","locations":[{"start":{"line":376,"column":4},"end":{"line":378,"column":5}},{"start":{},"end":{}}]},"13":{"loc":{"start":{"line":380,"column":4},"end":{"line":387,"column":5}},"type":"if","locations":[{"start":{"line":380,"column":4},"end":{"line":387,"column":5}},{"start":{},"end":{}}]},"14":{"loc":{"start":{"line":381,"column":6},"end":{"line":383,"column":7}},"type":"if","locations":[{"start":{"line":381,"column":6},"end":{"line":383,"column":7}},{"start":{},"end":{}}]},"15":{"loc":{"start":{"line":401,"column":4},"end":{"line":404,"column":5}},"type":"if","locations":[{"start":{"line":401,"column":4},"end":{"line":404,"column":5}},{"start":{},"end":{}}]},"16":{"loc":{"start":{"line":442,"column":4},"end":{"line":478,"column":5}},"type":"if","locations":[{"start":{"line":442,"column":4},"end":{"line":478,"column":5}},{"start":{},"end":{}}]},"17":{"loc":{"start":{"line":443,"column":6},"end":{"line":457,"column":7}},"type":"if","locations":[{"start":{"line":443,"column":6},"end":{"line":457,"column":7}},{"start":{},"end":{}}]},"18":{"loc":{"start":{"line":446,"column":8},"end":{"line":450,"column":9}},"type":"if","locations":[{"start":{"line":446,"column":8},"end":{"line":450,"column":9}},{"start":{"line":448,"column":15},"end":{"line":450,"column":9}}]},"19":{"loc":{"start":{"line":448,"column":15},"end":{"line":450,"column":9}},"type":"if","locations":[{"start":{"line":448,"column":15},"end":{"line":450,"column":9}},{"start":{},"end":{}}]},"20":{"loc":{"start":{"line":452,"column":8},"end":{"line":454,"column":9}},"type":"if","locations":[{"start":{"line":452,"column":8},"end":{"line":454,"column":9}},{"start":{},"end":{}}]},"21":{"loc":{"start":{"line":459,"column":6},"end":{"line":461,"column":7}},"type":"if","locations":[{"start":{"line":459,"column":6},"end":{"line":461,"column":7}},{"start":{},"end":{}}]},"22":{"loc":{"start":{"line":459,"column":10},"end":{"line":459,"column":46}},"type":"binary-expr","locations":[{"start":{"line":459,"column":10},"end":{"line":459,"column":22}},{"start":{"line":459,"column":26},"end":{"line":459,"column":46}}]},"23":{"loc":{"start":{"line":464,"column":8},"end":{"line":470,"column":9}},"type":"if","locations":[{"start":{"line":464,"column":8},"end":{"line":470,"column":9}},{"start":{},"end":{}}]},"24":{"loc":{"start":{"line":465,"column":10},"end":{"line":467,"column":11}},"type":"if","locations":[{"start":{"line":465,"column":10},"end":{"line":467,"column":11}},{"start":{},"end":{}}]},"25":{"loc":{"start":{"line":482,"column":4},"end":{"line":486,"column":5}},"type":"if","locations":[{"start":{"line":482,"column":4},"end":{"line":486,"column":5}},{"start":{"line":484,"column":11},"end":{"line":486,"column":5}}]},"26":{"loc":{"start":{"line":502,"column":4},"end":{"line":524,"column":5}},"type":"if","locations":[{"start":{"line":502,"column":4},"end":{"line":524,"column":5}},{"start":{},"end":{}}]},"27":{"loc":{"start":{"line":509,"column":8},"end":{"line":513,"column":9}},"type":"if","locations":[{"start":{"line":509,"column":8},"end":{"line":513,"column":9}},{"start":{"line":511,"column":15},"end":{"line":513,"column":9}}]},"28":{"loc":{"start":{"line":528,"column":4},"end":{"line":528,"column":23}},"type":"if","locations":[{"start":{"line":528,"column":4},"end":{"line":528,"column":23}},{"start":{},"end":{}}]},"29":{"loc":{"start":{"line":540,"column":4},"end":{"line":540,"column":41}},"type":"if","locations":[{"start":{"line":540,"column":4},"end":{"line":540,"column":41}},{"start":{},"end":{}}]},"30":{"loc":{"start":{"line":540,"column":8},"end":{"line":540,"column":33}},"type":"binary-expr","locations":[{"start":{"line":540,"column":8},"end":{"line":540,"column":15}},{"start":{"line":540,"column":19},"end":{"line":540,"column":33}}]},"31":{"loc":{"start":{"line":560,"column":4},"end":{"line":560,"column":32}},"type":"if","locations":[{"start":{"line":560,"column":4},"end":{"line":560,"column":32}},{"start":{},"end":{}}]},"32":{"loc":{"start":{"line":573,"column":4},"end":{"line":579,"column":5}},"type":"if","locations":[{"start":{"line":573,"column":4},"end":{"line":579,"column":5}},{"start":{},"end":{}}]},"33":{"loc":{"start":{"line":590,"column":8},"end":{"line":592,"column":9}},"type":"if","locations":[{"start":{"line":590,"column":8},"end":{"line":592,"column":9}},{"start":{},"end":{}}]},"34":{"loc":{"start":{"line":595,"column":6},"end":{"line":597,"column":7}},"type":"if","locations":[{"start":{"line":595,"column":6},"end":{"line":597,"column":7}},{"start":{},"end":{}}]},"35":{"loc":{"start":{"line":609,"column":4},"end":{"line":612,"column":5}},"type":"if","locations":[{"start":{"line":609,"column":4},"end":{"line":612,"column":5}},{"start":{},"end":{}}]},"36":{"loc":{"start":{"line":616,"column":4},"end":{"line":630,"column":5}},"type":"if","locations":[{"start":{"line":616,"column":4},"end":{"line":630,"column":5}},{"start":{},"end":{}}]},"37":{"loc":{"start":{"line":619,"column":6},"end":{"line":629,"column":7}},"type":"if","locations":[{"start":{"line":619,"column":6},"end":{"line":629,"column":7}},{"start":{},"end":{}}]},"38":{"loc":{"start":{"line":621,"column":10},"end":{"line":621,"column":33}},"type":"if","locations":[{"start":{"line":621,"column":10},"end":{"line":621,"column":33}},{"start":{},"end":{}}]},"39":{"loc":{"start":{"line":623,"column":10},"end":{"line":627,"column":11}},"type":"if","locations":[{"start":{"line":623,"column":10},"end":{"line":627,"column":11}},{"start":{"line":625,"column":17},"end":{"line":627,"column":11}}]},"40":{"loc":{"start":{"line":623,"column":14},"end":{"line":623,"column":36}},"type":"binary-expr","locations":[{"start":{"line":623,"column":14},"end":{"line":623,"column":24}},{"start":{"line":623,"column":28},"end":{"line":623,"column":36}}]},"41":{"loc":{"start":{"line":720,"column":4},"end":{"line":724,"column":5}},"type":"if","locations":[{"start":{"line":720,"column":4},"end":{"line":724,"column":5}},{"start":{},"end":{}}]},"42":{"loc":{"start":{"line":737,"column":4},"end":{"line":737,"column":30}},"type":"if","locations":[{"start":{"line":737,"column":4},"end":{"line":737,"column":30}},{"start":{},"end":{}}]},"43":{"loc":{"start":{"line":739,"column":4},"end":{"line":743,"column":5}},"type":"if","locations":[{"start":{"line":739,"column":4},"end":{"line":743,"column":5}},{"start":{},"end":{}}]},"44":{"loc":{"start":{"line":750,"column":6},"end":{"line":754,"column":7}},"type":"if","locations":[{"start":{"line":750,"column":6},"end":{"line":754,"column":7}},{"start":{"line":752,"column":13},"end":{"line":754,"column":7}}]}},"s":{"0":3,"1":236,"2":236,"3":236,"4":236,"5":236,"6":236,"7":236,"8":236,"9":236,"10":236,"11":236,"12":236,"13":236,"14":236,"15":114,"16":9,"17":9,"18":9,"19":9,"20":9,"21":9,"22":9,"23":2,"24":373,"25":78,"26":78,"27":735,"28":509,"29":226,"30":226,"31":226,"32":226,"33":440,"34":440,"35":440,"36":15,"37":425,"38":425,"39":425,"40":425,"41":443,"42":240,"43":203,"44":364,"45":364,"46":364,"47":361,"48":364,"49":364,"50":228,"51":228,"52":228,"53":228,"54":644,"55":644,"56":644,"57":2,"58":644,"59":189,"60":83,"61":338,"62":338,"63":311,"64":338,"65":209,"66":41,"67":209,"68":196,"69":187,"70":196,"71":196,"72":311,"73":311,"74":311,"75":311,"76":103,"77":103,"78":149,"79":97,"80":94,"81":94,"82":91,"83":3,"84":2,"85":94,"86":15,"87":94,"88":97,"89":0,"90":97,"91":20,"92":19,"93":19,"94":19,"95":1,"96":97,"97":97,"98":52,"99":52,"100":49,"101":3,"102":52,"103":94,"104":79,"105":79,"106":79,"107":43,"108":43,"109":39,"110":4,"111":79,"112":79,"113":41,"114":79,"115":79,"116":79,"117":79,"118":79,"119":15,"120":15,"121":0,"122":15,"123":15,"124":2293,"125":2217,"126":76,"127":76,"128":76,"129":76,"130":76,"131":76,"132":77,"133":326,"134":13,"135":313,"136":313,"137":136,"138":0,"139":0,"140":0,"141":136,"142":136,"143":136,"144":136,"145":136,"146":136,"147":136,"148":136,"149":151,"150":1,"151":136,"152":127,"153":313,"154":313,"155":313,"156":313,"157":313,"158":313,"159":258,"160":258,"161":133,"162":146,"163":10,"164":136,"165":58,"166":78,"167":3,"168":6,"169":6,"170":6,"171":6,"172":113,"173":113,"174":440,"175":440,"176":440,"177":440,"178":440,"179":80,"180":80,"181":80,"182":80,"183":80,"184":398,"185":215,"186":215,"187":183,"188":183,"189":183,"190":184,"191":1,"192":183,"193":20,"194":20,"195":163,"196":163,"197":389,"198":313,"199":76,"200":163,"201":0,"202":0,"203":0,"204":0,"205":0,"206":0,"207":0,"208":3,"209":3},"f":{"0":236,"1":9,"2":373,"3":735,"4":440,"5":443,"6":364,"7":364,"8":228,"9":644,"10":189,"11":83,"12":338,"13":209,"14":311,"15":149,"16":20,"17":94,"18":43,"19":41,"20":15,"21":2293,"22":76,"23":76,"24":76,"25":326,"26":313,"27":136,"28":313,"29":6,"30":113,"31":113,"32":440,"33":80,"34":398,"35":184,"36":0,"37":0},"b":{"0":[122],"1":[123],"2":[114,122],"3":[2,7],"4":[78,295],"5":[509,226],"6":[15,425],"7":[240,203],"8":[361,3],"9":[2,642],"10":[311,27],"11":[338,320],"12":[41,168],"13":[196,13],"14":[187,9],"15":[103,208],"16":[97,52],"17":[94,3],"18":[91,3],"19":[2,1],"20":[15,79],"21":[0,97],"22":[97,0],"23":[19,1],"24":[19,0],"25":[49,3],"26":[79,15],"27":[39,4],"28":[0,15],"29":[2217,76],"30":[2293,92],"31":[13,313],"32":[0,136],"33":[1,150],"34":[127,9],"35":[313,0],"36":[258,55],"37":[133,125],"38":[10,136],"39":[58,78],"40":[136,97],"41":[215,183],"42":[1,183],"43":[20,163],"44":[313,76]}}
,"/Users/deight/cantinc/rune-hub/src/RuneHub/index.ts": {"path":"/Users/deight/cantinc/rune-hub/src/RuneHub/index.ts","statementMap":{"0":{"start":{"line":1,"column":0},"end":{"line":1,"column":25}}},"fnMap":{},"branchMap":{},"s":{"0":3},"f":{},"b":{}}
,"/Users/deight/cantinc/rune-hub/src/hooks/index.ts": {"path":"/Users/deight/cantinc/rune-hub/src/hooks/index.ts","statementMap":{"0":{"start":{"line":1,"column":0},"end":{"line":1,"column":23}},"1":{"start":{"line":2,"column":0},"end":{"line":2,"column":25}},"2":{"start":{"line":3,"column":0},"end":{"line":3,"column":21}},"3":{"start":{"line":4,"column":0},"end":{"line":4,"column":25}},"4":{"start":{"line":5,"column":0},"end":{"line":5,"column":21}},"5":{"start":{"line":6,"column":0},"end":{"line":6,"column":21}},"6":{"start":{"line":7,"column":0},"end":{"line":7,"column":20}},"7":{"start":{"line":8,"column":0},"end":{"line":8,"column":21}},"8":{"start":{"line":9,"column":0},"end":{"line":9,"column":21}},"9":{"start":{"line":10,"column":0},"end":{"line":10,"column":22}},"10":{"start":{"line":11,"column":0},"end":{"line":11,"column":25}},"11":{"start":{"line":12,"column":0},"end":{"line":12,"column":24}}},"fnMap":{},"branchMap":{},"s":{"0":3,"1":3,"2":3,"3":3,"4":3,"5":3,"6":3,"7":3,"8":3,"9":3,"10":3,"11":3},"f":{},"b":{}}
,"/Users/deight/cantinc/rune-hub/src/hooks/batch/batch.ts": {"path":"/Users/deight/cantinc/rune-hub/src/hooks/batch/batch.ts","statementMap":{"0":{"start":{"line":27,"column":0},"end":{"line":27,"column":16}},"1":{"start":{"line":1,"column":0},"end":{"line":1,"column":28}},"2":{"start":{"line":28,"column":2},"end":{"line":28,"column":null}}},"fnMap":{"0":{"name":"batch","decl":{"start":{"line":27,"column":16},"end":{"line":27,"column":21}},"loc":{"start":{"line":27,"column":37},"end":{"line":29,"column":1}}}},"branchMap":{},"s":{"0":3,"1":3,"2":6},"f":{"0":6},"b":{}}
,"/Users/deight/cantinc/rune-hub/src/hooks/batch/index.ts": {"path":"/Users/deight/cantinc/rune-hub/src/hooks/batch/index.ts","statementMap":{"0":{"start":{"line":1,"column":0},"end":{"line":1,"column":23}}},"fnMap":{},"branchMap":{},"s":{"0":3},"f":{},"b":{}}
,"/Users/deight/cantinc/rune-hub/src/hooks/destroy/destroy.ts": {"path":"/Users/deight/cantinc/rune-hub/src/hooks/destroy/destroy.ts","statementMap":{"0":{"start":{"line":18,"column":0},"end":{"line":18,"column":16}},"1":{"start":{"line":1,"column":0},"end":{"line":1,"column":36}},"2":{"start":{"line":19,"column":15},"end":{"line":19,"column":28}},"3":{"start":{"line":21,"column":2},"end":{"line":21,"column":19}},"4":{"start":{"line":21,"column":13},"end":{"line":21,"column":19}},"5":{"start":{"line":23,"column":2},"end":{"line":23,"column":null}}},"fnMap":{"0":{"name":"destroy","decl":{"start":{"line":18,"column":16},"end":{"line":18,"column":23}},"loc":{"start":{"line":18,"column":35},"end":{"line":24,"column":1}}}},"branchMap":{"0":{"loc":{"start":{"line":21,"column":2},"end":{"line":21,"column":19}},"type":"if","locations":[{"start":{"line":21,"column":2},"end":{"line":21,"column":19}},{"start":{},"end":{}}]}},"s":{"0":3,"1":3,"2":2,"3":2,"4":1,"5":1},"f":{"0":2},"b":{"0":[1,1]}}
,"/Users/deight/cantinc/rune-hub/src/hooks/destroy/index.ts": {"path":"/Users/deight/cantinc/rune-hub/src/hooks/destroy/index.ts","statementMap":{"0":{"start":{"line":1,"column":0},"end":{"line":1,"column":25}}},"fnMap":{},"branchMap":{},"s":{"0":3},"f":{},"b":{}}
,"/Users/deight/cantinc/rune-hub/src/hooks/get/get.ts": {"path":"/Users/deight/cantinc/rune-hub/src/hooks/get/get.ts","statementMap":{"0":{"start":{"line":17,"column":0},"end":{"line":17,"column":16}},"1":{"start":{"line":1,"column":0},"end":{"line":1,"column":30}},"2":{"start":{"line":18,"column":2},"end":{"line":18,"column":null}}},"fnMap":{"0":{"name":"get","decl":{"start":{"line":17,"column":16},"end":{"line":17,"column":19}},"loc":{"start":{"line":17,"column":44},"end":{"line":19,"column":1}}}},"branchMap":{},"s":{"0":3,"1":3,"2":149},"f":{"0":149},"b":{}}
,"/Users/deight/cantinc/rune-hub/src/hooks/get/index.ts": {"path":"/Users/deight/cantinc/rune-hub/src/hooks/get/index.ts","statementMap":{"0":{"start":{"line":1,"column":0},"end":{"line":1,"column":21}}},"fnMap":{},"branchMap":{},"s":{"0":3},"f":{},"b":{}}
,"/Users/deight/cantinc/rune-hub/src/hooks/getSlot/getSlot.ts": {"path":"/Users/deight/cantinc/rune-hub/src/hooks/getSlot/getSlot.ts","statementMap":{"0":{"start":{"line":19,"column":0},"end":{"line":19,"column":16}},"1":{"start":{"line":1,"column":0},"end":{"line":1,"column":28}},"2":{"start":{"line":20,"column":21},"end":{"line":20,"column":26}},"3":{"start":{"line":22,"column":2},"end":{"line":22,"column":null}}},"fnMap":{"0":{"name":"getSlot","decl":{"start":{"line":19,"column":16},"end":{"line":19,"column":23}},"loc":{"start":{"line":19,"column":48},"end":{"line":23,"column":1}}}},"branchMap":{},"s":{"0":3,"1":3,"2":6,"3":6},"f":{"0":6},"b":{}}
,"/Users/deight/cantinc/rune-hub/src/hooks/getSlot/index.ts": {"path":"/Users/deight/cantinc/rune-hub/src/hooks/getSlot/index.ts","statementMap":{"0":{"start":{"line":1,"column":0},"end":{"line":1,"column":25}}},"fnMap":{},"branchMap":{},"s":{"0":3},"f":{},"b":{}}
,"/Users/deight/cantinc/rune-hub/src/hooks/hub/hub.ts": {"path":"/Users/deight/cantinc/rune-hub/src/hooks/hub/hub.ts","statementMap":{"0":{"start":{"line":17,"column":0},"end":{"line":17,"column":16}},"1":{"start":{"line":1,"column":0},"end":{"line":1,"column":35}},"2":{"start":{"line":18,"column":2},"end":{"line":18,"column":null}}},"fnMap":{"0":{"name":"hub","decl":{"start":{"line":17,"column":16},"end":{"line":17,"column":19}},"loc":{"start":{"line":17,"column":19},"end":{"line":19,"column":1}}}},"branchMap":{"0":{"loc":{"start":{"line":18,"column":9},"end":{"line":18,"column":28}},"type":"cond-expr","locations":[{"start":{"line":18,"column":16},"end":{"line":18,"column":20}},{"start":{"line":18,"column":20},"end":{"line":18,"column":28}}]},"1":{"loc":{"start":{"line":18,"column":9},"end":{"line":18,"column":20}},"type":"binary-expr","locations":[{"start":{"line":18,"column":9},"end":{"line":18,"column":20}},{"start":{"line":18,"column":16},"end":{"line":18,"column":20}}]}},"s":{"0":3,"1":3,"2":389},"f":{"0":389},"b":{"0":[191,198],"1":[389,389]}}
,"/Users/deight/cantinc/rune-hub/src/hooks/hub/index.ts": {"path":"/Users/deight/cantinc/rune-hub/src/hooks/hub/index.ts","statementMap":{"0":{"start":{"line":1,"column":0},"end":{"line":1,"column":21}}},"fnMap":{},"branchMap":{},"s":{"0":3},"f":{},"b":{}}
,"/Users/deight/cantinc/rune-hub/src/hooks/off/index.ts": {"path":"/Users/deight/cantinc/rune-hub/src/hooks/off/index.ts","statementMap":{"0":{"start":{"line":1,"column":0},"end":{"line":1,"column":21}}},"fnMap":{},"branchMap":{},"s":{"0":3},"f":{},"b":{}}
,"/Users/deight/cantinc/rune-hub/src/hooks/off/off.ts": {"path":"/Users/deight/cantinc/rune-hub/src/hooks/off/off.ts","statementMap":{"0":{"start":{"line":36,"column":0},"end":{"line":36,"column":16}},"1":{"start":{"line":1,"column":0},"end":{"line":1,"column":30}},"2":{"start":{"line":37,"column":2},"end":{"line":37,"column":null}}},"fnMap":{"0":{"name":"off","decl":{"start":{"line":36,"column":16},"end":{"line":36,"column":19}},"loc":{"start":{"line":36,"column":67},"end":{"line":38,"column":1}}}},"branchMap":{},"s":{"0":3,"1":3,"2":3},"f":{"0":3},"b":{}}
,"/Users/deight/cantinc/rune-hub/src/hooks/on/index.ts": {"path":"/Users/deight/cantinc/rune-hub/src/hooks/on/index.ts","statementMap":{"0":{"start":{"line":1,"column":0},"end":{"line":1,"column":20}}},"fnMap":{},"branchMap":{},"s":{"0":3},"f":{},"b":{}}
,"/Users/deight/cantinc/rune-hub/src/hooks/on/on.ts": {"path":"/Users/deight/cantinc/rune-hub/src/hooks/on/on.ts","statementMap":{"0":{"start":{"line":37,"column":0},"end":{"line":37,"column":16}},"1":{"start":{"line":1,"column":0},"end":{"line":1,"column":30}},"2":{"start":{"line":38,"column":2},"end":{"line":38,"column":null}}},"fnMap":{"0":{"name":"on","decl":{"start":{"line":37,"column":16},"end":{"line":37,"column":18}},"loc":{"start":{"line":37,"column":66},"end":{"line":39,"column":1}}}},"branchMap":{},"s":{"0":3,"1":3,"2":67},"f":{"0":67},"b":{}}
,"/Users/deight/cantinc/rune-hub/src/hooks/raw/index.ts": {"path":"/Users/deight/cantinc/rune-hub/src/hooks/raw/index.ts","statementMap":{"0":{"start":{"line":1,"column":0},"end":{"line":1,"column":21}}},"fnMap":{},"branchMap":{},"s":{"0":3},"f":{},"b":{}}
,"/Users/deight/cantinc/rune-hub/src/hooks/raw/raw.ts": {"path":"/Users/deight/cantinc/rune-hub/src/hooks/raw/raw.ts","statementMap":{"0":{"start":{"line":18,"column":0},"end":{"line":18,"column":16}},"1":{"start":{"line":1,"column":0},"end":{"line":1,"column":30}},"2":{"start":{"line":19,"column":2},"end":{"line":19,"column":null}}},"fnMap":{"0":{"name":"raw","decl":{"start":{"line":18,"column":16},"end":{"line":18,"column":19}},"loc":{"start":{"line":18,"column":44},"end":{"line":20,"column":1}}}},"branchMap":{},"s":{"0":3,"1":3,"2":49},"f":{"0":49},"b":{}}
,"/Users/deight/cantinc/rune-hub/src/hooks/set/index.ts": {"path":"/Users/deight/cantinc/rune-hub/src/hooks/set/index.ts","statementMap":{"0":{"start":{"line":1,"column":0},"end":{"line":1,"column":21}}},"fnMap":{},"branchMap":{},"s":{"0":3},"f":{},"b":{}}
,"/Users/deight/cantinc/rune-hub/src/hooks/set/set.ts": {"path":"/Users/deight/cantinc/rune-hub/src/hooks/set/set.ts","statementMap":{"0":{"start":{"line":19,"column":0},"end":{"line":19,"column":16}},"1":{"start":{"line":1,"column":0},"end":{"line":1,"column":30}},"2":{"start":{"line":20,"column":2},"end":{"line":20,"column":null}}},"fnMap":{"0":{"name":"set","decl":{"start":{"line":19,"column":16},"end":{"line":19,"column":19}},"loc":{"start":{"line":19,"column":66},"end":{"line":21,"column":1}}}},"branchMap":{},"s":{"0":3,"1":3,"2":105},"f":{"0":105},"b":{}}
,"/Users/deight/cantinc/rune-hub/src/hooks/slot/index.ts": {"path":"/Users/deight/cantinc/rune-hub/src/hooks/slot/index.ts","statementMap":{"0":{"start":{"line":1,"column":0},"end":{"line":1,"column":22}}},"fnMap":{},"branchMap":{},"s":{"0":3},"f":{},"b":{}}
,"/Users/deight/cantinc/rune-hub/src/hooks/slot/slot.ts": {"path":"/Users/deight/cantinc/rune-hub/src/hooks/slot/slot.ts","statementMap":{"0":{"start":{"line":19,"column":0},"end":{"line":19,"column":16}},"1":{"start":{"line":1,"column":0},"end":{"line":1,"column":28}},"2":{"start":{"line":20,"column":21},"end":{"line":20,"column":26}},"3":{"start":{"line":22,"column":15},"end":{"line":22,"column":41}},"4":{"start":{"line":24,"column":2},"end":{"line":26,"column":3}},"5":{"start":{"line":25,"column":4},"end":{"line":25,"column":null}},"6":{"start":{"line":28,"column":2},"end":{"line":28,"column":null}}},"fnMap":{"0":{"name":"slot","decl":{"start":{"line":19,"column":16},"end":{"line":19,"column":20}},"loc":{"start":{"line":19,"column":45},"end":{"line":29,"column":1}}}},"branchMap":{"0":{"loc":{"start":{"line":24,"column":2},"end":{"line":26,"column":3}},"type":"if","locations":[{"start":{"line":24,"column":2},"end":{"line":26,"column":3}},{"start":{},"end":{}}]}},"s":{"0":3,"1":3,"2":373,"3":373,"4":373,"5":113,"6":260},"f":{"0":373},"b":{"0":[113,260]}}
,"/Users/deight/cantinc/rune-hub/src/hooks/unwatch/index.ts": {"path":"/Users/deight/cantinc/rune-hub/src/hooks/unwatch/index.ts","statementMap":{"0":{"start":{"line":1,"column":0},"end":{"line":1,"column":25}}},"fnMap":{},"branchMap":{},"s":{"0":3},"f":{},"b":{}}
,"/Users/deight/cantinc/rune-hub/src/hooks/unwatch/unwatch.ts": {"path":"/Users/deight/cantinc/rune-hub/src/hooks/unwatch/unwatch.ts","statementMap":{"0":{"start":{"line":23,"column":0},"end":{"line":23,"column":16}},"1":{"start":{"line":1,"column":0},"end":{"line":1,"column":28}},"2":{"start":{"line":24,"column":2},"end":{"line":24,"column":null}}},"fnMap":{"0":{"name":"unwatch","decl":{"start":{"line":23,"column":16},"end":{"line":23,"column":23}},"loc":{"start":{"line":23,"column":52},"end":{"line":25,"column":1}}}},"branchMap":{},"s":{"0":3,"1":3,"2":4},"f":{"0":4},"b":{}}
,"/Users/deight/cantinc/rune-hub/src/hooks/update/index.ts": {"path":"/Users/deight/cantinc/rune-hub/src/hooks/update/index.ts","statementMap":{"0":{"start":{"line":1,"column":0},"end":{"line":1,"column":24}}},"fnMap":{},"branchMap":{},"s":{"0":3},"f":{},"b":{}}
,"/Users/deight/cantinc/rune-hub/src/hooks/update/update.ts": {"path":"/Users/deight/cantinc/rune-hub/src/hooks/update/update.ts","statementMap":{"0":{"start":{"line":22,"column":0},"end":{"line":22,"column":16}},"1":{"start":{"line":1,"column":0},"end":{"line":1,"column":36}},"2":{"start":{"line":23,"column":15},"end":{"line":23,"column":28}},"3":{"start":{"line":25,"column":2},"end":{"line":25,"column":19}},"4":{"start":{"line":25,"column":13},"end":{"line":25,"column":19}},"5":{"start":{"line":27,"column":2},"end":{"line":27,"column":null}}},"fnMap":{"0":{"name":"update","decl":{"start":{"line":22,"column":16},"end":{"line":22,"column":22}},"loc":{"start":{"line":22,"column":34},"end":{"line":28,"column":1}}}},"branchMap":{"0":{"loc":{"start":{"line":25,"column":2},"end":{"line":25,"column":19}},"type":"if","locations":[{"start":{"line":25,"column":2},"end":{"line":25,"column":19}},{"start":{},"end":{}}]}},"s":{"0":3,"1":3,"2":4,"3":4,"4":1,"5":3},"f":{"0":4},"b":{"0":[1,3]}}
}
