TN:
SF:src/index.ts
FNF:0
FNH:0
DA:1,3
DA:2,3
DA:3,3
LF:3
LH:3
BRF:0
BRH:0
end_of_record
TN:
SF:src/Queue/Queue.ts
FN:16,(anonymous_0)
FN:28,(anonymous_1)
FN:63,(anonymous_2)
FN:83,(anonymous_3)
FN:115,(anonymous_4)
FN:129,(anonymous_5)
FNF:6
FNH:6
FNDA:417,(anonymous_0)
FNDA:396,(anonymous_1)
FNDA:17,(anonymous_2)
FNDA:324,(anonymous_3)
FNDA:91,(anonymous_4)
FNDA:1,(anonymous_5)
DA:7,4
DA:17,417
DA:18,417
DA:19,417
DA:20,417
DA:21,417
DA:29,396
DA:31,396
DA:33,395
DA:34,40
DA:37,395
DA:38,3
DA:41,395
DA:42,392
DA:45,395
DA:46,355
DA:49,395
DA:50,298
DA:53,395
DA:54,395
DA:63,4
DA:74,17
DA:84,324
DA:86,324
DA:87,292
DA:90,32
DA:91,11
DA:94,21
DA:96,21
DA:97,4
DA:100,21
DA:102,21
DA:103,17
DA:106,21
DA:116,91
DA:118,91
DA:119,71
DA:122,20
DA:130,1
DA:131,1
LF:40
LH:40
BRDA:31,0,0,1
BRDA:31,0,1,395
BRDA:33,1,0,40
BRDA:33,1,1,355
BRDA:37,2,0,3
BRDA:37,2,1,392
BRDA:41,3,0,392
BRDA:41,3,1,3
BRDA:45,4,0,355
BRDA:45,4,1,40
BRDA:49,5,0,298
BRDA:49,5,1,97
BRDA:86,6,0,292
BRDA:86,6,1,32
BRDA:90,7,0,11
BRDA:90,7,1,21
BRDA:96,8,0,4
BRDA:96,8,1,17
BRDA:102,9,0,17
BRDA:102,9,1,4
BRDA:118,10,0,71
BRDA:118,10,1,20
BRF:22
BRH:22
end_of_record
TN:
SF:src/Queue/index.ts
FNF:0
FNH:0
DA:1,3
LF:1
LH:1
BRF:0
BRH:0
end_of_record
TN:
SF:src/RuneHub/RuneHub.ts
FN:160,(anonymous_0)
FN:181,(anonymous_1)
FN:201,(anonymous_2)
FN:221,(anonymous_3)
FN:238,(anonymous_4)
FN:253,(anonymous_5)
FN:259,(anonymous_6)
FN:262,(anonymous_7)
FN:278,(anonymous_8)
FN:297,(anonymous_9)
FN:320,(anonymous_10)
FN:335,(anonymous_11)
FN:352,(anonymous_12)
FN:375,(anonymous_13)
FN:396,(anonymous_14)
FN:441,(anonymous_15)
FN:463,(anonymous_16)
FN:501,(anonymous_17)
FN:506,(anonymous_18)
FN:517,(anonymous_19)
FN:530,(anonymous_20)
FN:539,(anonymous_21)
FN:544,(anonymous_22)
FN:545,(anonymous_23)
FN:546,(anonymous_24)
FN:559,(anonymous_25)
FN:562,(anonymous_26)
FN:572,(anonymous_27)
FN:606,(anonymous_28)
FN:638,(anonymous_29)
FN:653,(anonymous_30)
FN:678,(anonymous_31)
FN:689,(anonymous_32)
FN:705,(anonymous_33)
FN:719,(anonymous_34)
FN:736,(anonymous_35)
FN:764,(anonymous_36)
FN:765,(anonymous_37)
FNF:38
FNH:36
FNDA:236,(anonymous_0)
FNDA:9,(anonymous_1)
FNDA:373,(anonymous_2)
FNDA:735,(anonymous_3)
FNDA:440,(anonymous_4)
FNDA:443,(anonymous_5)
FNDA:364,(anonymous_6)
FNDA:364,(anonymous_7)
FNDA:228,(anonymous_8)
FNDA:644,(anonymous_9)
FNDA:189,(anonymous_10)
FNDA:83,(anonymous_11)
FNDA:338,(anonymous_12)
FNDA:209,(anonymous_13)
FNDA:311,(anonymous_14)
FNDA:149,(anonymous_15)
FNDA:20,(anonymous_16)
FNDA:94,(anonymous_17)
FNDA:43,(anonymous_18)
FNDA:41,(anonymous_19)
FNDA:15,(anonymous_20)
FNDA:2293,(anonymous_21)
FNDA:76,(anonymous_22)
FNDA:76,(anonymous_23)
FNDA:76,(anonymous_24)
FNDA:326,(anonymous_25)
FNDA:313,(anonymous_26)
FNDA:136,(anonymous_27)
FNDA:313,(anonymous_28)
FNDA:6,(anonymous_29)
FNDA:113,(anonymous_30)
FNDA:113,(anonymous_31)
FNDA:440,(anonymous_32)
FNDA:80,(anonymous_33)
FNDA:398,(anonymous_34)
FNDA:184,(anonymous_35)
FNDA:0,(anonymous_36)
FNDA:0,(anonymous_37)
DA:2,3
DA:107,3
DA:115,236
DA:118,236
DA:121,236
DA:124,236
DA:127,236
DA:130,236
DA:139,236
DA:142,236
DA:145,236
DA:147,236
DA:161,236
DA:162,236
DA:163,236
DA:165,236
DA:166,114
DA:182,9
DA:184,9
DA:186,9
DA:187,9
DA:188,9
DA:190,9
DA:192,9
DA:193,2
DA:202,373
DA:203,78
DA:204,78
DA:222,735
DA:223,226
DA:225,226
DA:227,226
DA:228,226
DA:239,440
DA:240,440
DA:242,440
DA:243,15
DA:246,425
DA:247,425
DA:248,425
DA:250,425
DA:254,443
DA:256,203
DA:260,364
DA:262,364
DA:263,364
DA:264,361
DA:267,364
DA:269,364
DA:279,228
DA:280,228
DA:281,228
DA:282,228
DA:298,644
DA:299,644
DA:301,644
DA:302,2
DA:305,644
DA:321,189
DA:336,83
DA:353,338
DA:355,338
DA:356,311
DA:359,338
DA:376,209
DA:377,41
DA:380,209
DA:381,196
DA:382,187
DA:385,196
DA:386,196
DA:397,311
DA:398,311
DA:399,311
DA:401,311
DA:402,103
DA:403,103
DA:442,149
DA:443,97
DA:444,94
DA:446,94
DA:447,91
DA:448,3
DA:449,2
DA:452,94
DA:453,15
DA:456,94
DA:459,97
DA:460,0
DA:463,97
DA:464,20
DA:465,19
DA:466,19
DA:469,19
DA:472,1
DA:475,97
DA:477,97
DA:480,52
DA:482,52
DA:483,49
DA:485,3
DA:488,52
DA:502,94
DA:503,79
DA:504,79
DA:506,79
DA:507,43
DA:509,43
DA:510,39
DA:512,4
DA:516,79
DA:517,79
DA:518,79
DA:519,79
DA:520,79
DA:521,79
DA:523,79
DA:526,15
DA:528,15
DA:530,15
DA:540,2293
DA:542,76
DA:544,76
DA:545,76
DA:546,76
DA:547,76
DA:548,77
DA:560,326
DA:562,313
DA:563,313
DA:573,136
DA:574,0
DA:576,0
DA:578,0
DA:581,136
DA:582,136
DA:583,136
DA:584,136
DA:585,136
DA:586,136
DA:587,136
DA:589,136
DA:590,151
DA:591,1
DA:595,136
DA:596,127
DA:607,313
DA:609,313
DA:610,313
DA:611,313
DA:614,313
DA:616,313
DA:617,258
DA:619,258
DA:620,133
DA:621,146
DA:623,136
DA:624,58
DA:626,78
DA:638,3
DA:640,3
DA:654,113
DA:661,6
DA:664,6
DA:667,6
DA:670,6
DA:679,113
DA:690,440
DA:691,440
DA:692,440
DA:693,440
DA:695,440
DA:706,80
DA:707,80
DA:708,80
DA:709,80
DA:711,80
DA:720,398
DA:721,215
DA:723,215
DA:726,183
DA:727,183
DA:728,183
DA:737,184
DA:739,183
DA:740,20
DA:742,20
DA:745,163
DA:749,163
DA:750,389
DA:751,313
DA:753,76
DA:757,163
DA:765,0
DA:766,0
DA:769,0
DA:770,0
DA:771,0
DA:772,0
DA:773,0
LF:200
LH:189
BRDA:162,0,0,122
BRDA:163,1,0,123
BRDA:165,2,0,114
BRDA:165,2,1,122
BRDA:192,3,0,2
BRDA:192,3,1,7
BRDA:202,4,0,78
BRDA:202,4,1,295
BRDA:222,5,0,509
BRDA:222,5,1,226
BRDA:242,6,0,15
BRDA:242,6,1,425
BRDA:254,7,0,240
BRDA:254,7,1,203
BRDA:263,8,0,361
BRDA:263,8,1,3
BRDA:301,9,0,2
BRDA:301,9,1,642
BRDA:355,10,0,311
BRDA:355,10,1,27
BRDA:355,11,0,338
BRDA:355,11,1,320
BRDA:376,12,0,41
BRDA:376,12,1,168
BRDA:380,13,0,196
BRDA:380,13,1,13
BRDA:381,14,0,187
BRDA:381,14,1,9
BRDA:401,15,0,103
BRDA:401,15,1,208
BRDA:442,16,0,97
BRDA:442,16,1,52
BRDA:443,17,0,94
BRDA:443,17,1,3
BRDA:446,18,0,91
BRDA:446,18,1,3
BRDA:448,19,0,2
BRDA:448,19,1,1
BRDA:452,20,0,15
BRDA:452,20,1,79
BRDA:459,21,0,0
BRDA:459,21,1,97
BRDA:459,22,0,97
BRDA:459,22,1,0
BRDA:464,23,0,19
BRDA:464,23,1,1
BRDA:465,24,0,19
BRDA:465,24,1,0
BRDA:482,25,0,49
BRDA:482,25,1,3
BRDA:502,26,0,79
BRDA:502,26,1,15
BRDA:509,27,0,39
BRDA:509,27,1,4
BRDA:528,28,0,0
BRDA:528,28,1,15
BRDA:540,29,0,2217
BRDA:540,29,1,76
BRDA:540,30,0,2293
BRDA:540,30,1,92
BRDA:560,31,0,13
BRDA:560,31,1,313
BRDA:573,32,0,0
BRDA:573,32,1,136
BRDA:590,33,0,1
BRDA:590,33,1,150
BRDA:595,34,0,127
BRDA:595,34,1,9
BRDA:609,35,0,313
BRDA:609,35,1,0
BRDA:616,36,0,258
BRDA:616,36,1,55
BRDA:619,37,0,133
BRDA:619,37,1,125
BRDA:621,38,0,10
BRDA:621,38,1,136
BRDA:623,39,0,58
BRDA:623,39,1,78
BRDA:623,40,0,136
BRDA:623,40,1,97
BRDA:720,41,0,215
BRDA:720,41,1,183
BRDA:737,42,0,1
BRDA:737,42,1,183
BRDA:739,43,0,20
BRDA:739,43,1,163
BRDA:750,44,0,313
BRDA:750,44,1,76
BRF:88
BRH:82
end_of_record
TN:
SF:src/RuneHub/index.ts
FNF:0
FNH:0
DA:1,3
LF:1
LH:1
BRF:0
BRH:0
end_of_record
TN:
SF:src/hooks/index.ts
FNF:0
FNH:0
DA:1,3
DA:2,3
DA:3,3
DA:4,3
DA:5,3
DA:6,3
DA:7,3
DA:8,3
DA:9,3
DA:10,3
DA:11,3
DA:12,3
LF:12
LH:12
BRF:0
BRH:0
end_of_record
TN:
SF:src/hooks/batch/batch.ts
FN:27,batch
FNF:1
FNH:1
FNDA:6,batch
DA:1,3
DA:27,3
DA:28,6
LF:3
LH:3
BRF:0
BRH:0
end_of_record
TN:
SF:src/hooks/batch/index.ts
FNF:0
FNH:0
DA:1,3
LF:1
LH:1
BRF:0
BRH:0
end_of_record
TN:
SF:src/hooks/destroy/destroy.ts
FN:18,destroy
FNF:1
FNH:1
FNDA:2,destroy
DA:1,3
DA:18,3
DA:19,2
DA:21,2
DA:23,1
LF:5
LH:5
BRDA:21,0,0,1
BRDA:21,0,1,1
BRF:2
BRH:2
end_of_record
TN:
SF:src/hooks/destroy/index.ts
FNF:0
FNH:0
DA:1,3
LF:1
LH:1
BRF:0
BRH:0
end_of_record
TN:
SF:src/hooks/get/get.ts
FN:17,get
FNF:1
FNH:1
FNDA:149,get
DA:1,3
DA:17,3
DA:18,149
LF:3
LH:3
BRF:0
BRH:0
end_of_record
TN:
SF:src/hooks/get/index.ts
FNF:0
FNH:0
DA:1,3
LF:1
LH:1
BRF:0
BRH:0
end_of_record
TN:
SF:src/hooks/getSlot/getSlot.ts
FN:19,getSlot
FNF:1
FNH:1
FNDA:6,getSlot
DA:1,3
DA:19,3
DA:20,6
DA:22,6
LF:4
LH:4
BRF:0
BRH:0
end_of_record
TN:
SF:src/hooks/getSlot/index.ts
FNF:0
FNH:0
DA:1,3
LF:1
LH:1
BRF:0
BRH:0
end_of_record
TN:
SF:src/hooks/hub/hub.ts
FN:17,hub
FNF:1
FNH:1
FNDA:389,hub
DA:1,3
DA:17,3
DA:18,389
LF:3
LH:3
BRDA:18,0,0,191
BRDA:18,0,1,198
BRDA:18,1,0,389
BRDA:18,1,1,389
BRF:4
BRH:4
end_of_record
TN:
SF:src/hooks/hub/index.ts
FNF:0
FNH:0
DA:1,3
LF:1
LH:1
BRF:0
BRH:0
end_of_record
TN:
SF:src/hooks/off/index.ts
FNF:0
FNH:0
DA:1,3
LF:1
LH:1
BRF:0
BRH:0
end_of_record
TN:
SF:src/hooks/off/off.ts
FN:36,off
FNF:1
FNH:1
FNDA:3,off
DA:1,3
DA:36,3
DA:37,3
LF:3
LH:3
BRF:0
BRH:0
end_of_record
TN:
SF:src/hooks/on/index.ts
FNF:0
FNH:0
DA:1,3
LF:1
LH:1
BRF:0
BRH:0
end_of_record
TN:
SF:src/hooks/on/on.ts
FN:37,on
FNF:1
FNH:1
FNDA:67,on
DA:1,3
DA:37,3
DA:38,67
LF:3
LH:3
BRF:0
BRH:0
end_of_record
TN:
SF:src/hooks/raw/index.ts
FNF:0
FNH:0
DA:1,3
LF:1
LH:1
BRF:0
BRH:0
end_of_record
TN:
SF:src/hooks/raw/raw.ts
FN:18,raw
FNF:1
FNH:1
FNDA:49,raw
DA:1,3
DA:18,3
DA:19,49
LF:3
LH:3
BRF:0
BRH:0
end_of_record
TN:
SF:src/hooks/set/index.ts
FNF:0
FNH:0
DA:1,3
LF:1
LH:1
BRF:0
BRH:0
end_of_record
TN:
SF:src/hooks/set/set.ts
FN:19,set
FNF:1
FNH:1
FNDA:105,set
DA:1,3
DA:19,3
DA:20,105
LF:3
LH:3
BRF:0
BRH:0
end_of_record
TN:
SF:src/hooks/slot/index.ts
FNF:0
FNH:0
DA:1,3
LF:1
LH:1
BRF:0
BRH:0
end_of_record
TN:
SF:src/hooks/slot/slot.ts
FN:19,slot
FNF:1
FNH:1
FNDA:373,slot
DA:1,3
DA:19,3
DA:20,373
DA:22,373
DA:24,373
DA:25,113
DA:28,260
LF:7
LH:7
BRDA:24,0,0,113
BRDA:24,0,1,260
BRF:2
BRH:2
end_of_record
TN:
SF:src/hooks/unwatch/index.ts
FNF:0
FNH:0
DA:1,3
LF:1
LH:1
BRF:0
BRH:0
end_of_record
TN:
SF:src/hooks/unwatch/unwatch.ts
FN:23,unwatch
FNF:1
FNH:1
FNDA:4,unwatch
DA:1,3
DA:23,3
DA:24,4
LF:3
LH:3
BRF:0
BRH:0
end_of_record
TN:
SF:src/hooks/update/index.ts
FNF:0
FNH:0
DA:1,3
LF:1
LH:1
BRF:0
BRH:0
end_of_record
TN:
SF:src/hooks/update/update.ts
FN:22,update
FNF:1
FNH:1
FNDA:4,update
DA:1,3
DA:22,3
DA:23,4
DA:25,4
DA:27,3
LF:5
LH:5
BRDA:25,0,0,1
BRDA:25,0,1,3
BRF:2
BRH:2
end_of_record
